<?xml version="1.0" encoding="UTF-8"?>
<!-- Generated by org.testng.reporters.JUnitXMLReporter -->
<testsuite hostname="DESKTOP-4UU9QO5" ignored="0" name="Test" tests="3" failures="0" timestamp="16 Nov 2019 17:27:16 GMT" time="0.05" errors="0">
  <testcase name="depending" time="0.016" classname="dataProvider.DependsOnMethod"/>
  <testcase name="launching" time="0.0" classname="dataProvider.DependsOnMethod"/>
  <testcase name="lastmethod" time="0.002" classname="dataProvider.DependsOnMethod"/>
</testsuite> <!-- Test -->
