<?xml version="1.0" encoding="UTF-8"?>
<testng-results skipped="0" failed="0" ignored="0" total="5" passed="5">
  <reporter-output>
  </reporter-output>
  <suite name="Default suite" duration-ms="65" started-at="2020-02-28T18:43:40Z" finished-at="2020-02-28T18:43:40Z">
    <groups>
    </groups>
    <test name="Default test" duration-ms="65" started-at="2020-02-28T18:43:40Z" finished-at="2020-02-28T18:43:40Z">
      <class name="dataProvider.TestNG_Execution">
        <test-method status="PASS" signature="beforeTest()[pri:0, instance:dataProvider.TestNG_Execution@6d64ab]" name="beforeTest" is-config="true" duration-ms="15" started-at="2020-02-28T18:43:40Z" finished-at="2020-02-28T18:43:40Z">
          <reporter-output>
          </reporter-output>
        </test-method> <!-- beforeTest -->
        <test-method status="PASS" signature="beforeClass()[pri:0, instance:dataProvider.TestNG_Execution@6d64ab]" name="beforeClass" is-config="true" duration-ms="0" started-at="2020-02-28T18:43:40Z" finished-at="2020-02-28T18:43:40Z">
          <reporter-output>
          </reporter-output>
        </test-method> <!-- beforeClass -->
        <test-method status="PASS" signature="beforeMethod()[pri:0, instance:dataProvider.TestNG_Execution@6d64ab]" name="beforeMethod" is-config="true" duration-ms="0" started-at="2020-02-28T18:43:40Z" finished-at="2020-02-28T18:43:40Z">
          <reporter-output>
          </reporter-output>
        </test-method> <!-- beforeMethod -->
        <test-method status="PASS" signature="testCase1()[pri:0, instance:dataProvider.TestNG_Execution@6d64ab]" name="testCase1" duration-ms="6" started-at="2020-02-28T18:43:40Z" finished-at="2020-02-28T18:43:40Z">
          <reporter-output>
          </reporter-output>
        </test-method> <!-- testCase1 -->
        <test-method status="PASS" signature="testCase2()[pri:0, instance:dataProvider.TestNG_Execution@6d64ab]" name="testCase2" duration-ms="1" started-at="2020-02-28T18:43:40Z" finished-at="2020-02-28T18:43:40Z">
          <reporter-output>
          </reporter-output>
        </test-method> <!-- testCase2 -->
        <test-method status="PASS" signature="beforeMethod()[pri:0, instance:dataProvider.TestNG_Execution@6d64ab]" name="beforeMethod" is-config="true" duration-ms="0" started-at="2020-02-28T18:43:40Z" finished-at="2020-02-28T18:43:40Z">
          <reporter-output>
          </reporter-output>
        </test-method> <!-- beforeMethod -->
        <test-method status="PASS" signature="beforeMethod()[pri:0, instance:dataProvider.TestNG_Execution@6d64ab]" name="beforeMethod" is-config="true" duration-ms="1" started-at="2020-02-28T18:43:40Z" finished-at="2020-02-28T18:43:40Z">
          <reporter-output>
          </reporter-output>
        </test-method> <!-- beforeMethod -->
        <test-method status="PASS" signature="testCase3()[pri:0, instance:dataProvider.TestNG_Execution@6d64ab]" name="testCase3" duration-ms="1" started-at="2020-02-28T18:43:40Z" finished-at="2020-02-28T18:43:40Z">
          <reporter-output>
          </reporter-output>
        </test-method> <!-- testCase3 -->
        <test-method status="PASS" signature="testCase4()[pri:0, instance:dataProvider.TestNG_Execution@6d64ab]" name="testCase4" duration-ms="2" started-at="2020-02-28T18:43:40Z" finished-at="2020-02-28T18:43:40Z">
          <reporter-output>
          </reporter-output>
        </test-method> <!-- testCase4 -->
        <test-method status="PASS" signature="beforeMethod()[pri:0, instance:dataProvider.TestNG_Execution@6d64ab]" name="beforeMethod" is-config="true" duration-ms="0" started-at="2020-02-28T18:43:40Z" finished-at="2020-02-28T18:43:40Z">
          <reporter-output>
          </reporter-output>
        </test-method> <!-- beforeMethod -->
        <test-method status="PASS" signature="beforeMethod()[pri:0, instance:dataProvider.TestNG_Execution@6d64ab]" name="beforeMethod" is-config="true" duration-ms="1" started-at="2020-02-28T18:43:40Z" finished-at="2020-02-28T18:43:40Z">
          <reporter-output>
          </reporter-output>
        </test-method> <!-- beforeMethod -->
        <test-method status="PASS" signature="testCase5()[pri:0, instance:dataProvider.TestNG_Execution@6d64ab]" name="testCase5" duration-ms="1" started-at="2020-02-28T18:43:40Z" finished-at="2020-02-28T18:43:40Z">
          <reporter-output>
          </reporter-output>
        </test-method> <!-- testCase5 -->
      </class> <!-- dataProvider.TestNG_Execution -->
    </test> <!-- Default test -->
  </suite> <!-- Default suite -->
</testng-results>
