<?xml version="1.0" encoding="UTF-8"?>
<!-- Generated by org.testng.reporters.JUnitXMLReporter -->
<testsuite hostname="DESKTOP-4UU9QO5" ignored="0" name="Default test" tests="5" failures="0" timestamp="28 Feb 2020 18:43:40 GMT" time="0.065" errors="0">
  <testcase name="testCase1" time="0.006" classname="dataProvider.TestNG_Execution"/>
  <testcase name="testCase2" time="0.001" classname="dataProvider.TestNG_Execution"/>
  <testcase name="testCase3" time="0.001" classname="dataProvider.TestNG_Execution"/>
  <testcase name="testCase4" time="0.002" classname="dataProvider.TestNG_Execution"/>
  <testcase name="testCase5" time="0.001" classname="dataProvider.TestNG_Execution"/>
</testsuite> <!-- Default test -->
